  1043335_hw6.cpp
c:\users\rain\documents\1043335_opencv\1043335_hw6\1043335_hw6.cpp(182): warning C4305: '引數': 從 'double' 轉換為 'float'，是由較大的類型轉換為較小的類型，可能導致資料遺失
c:\users\rain\documents\1043335_opencv\1043335_hw6\1043335_hw6.cpp(201): warning C4305: '引數': 從 'double' 轉換為 'float'，是由較大的類型轉換為較小的類型，可能導致資料遺失
c:\users\rain\documents\1043335_opencv\1043335_hw6\1043335_hw6.cpp(205): warning C4305: '引數': 從 'double' 轉換為 'float'，是由較大的類型轉換為較小的類型，可能導致資料遺失
c:\users\rain\documents\1043335_opencv\1043335_hw6\1043335_hw6.cpp(253): warning C4244: '引數': 將 'time_t' 轉換為 'unsigned int'，由於類型不同，可能導致資料遺失
c:\users\rain\documents\1043335_opencv\1043335_hw6\1043335_hw6.cpp(340): warning C4244: '引數': 將 'time_t' 轉換為 'unsigned int'，由於類型不同，可能導致資料遺失
c:\users\rain\documents\1043335_opencv\1043335_hw6\1043335_hw6.cpp(360): warning C4244: '正在初始化': 將 'double' 轉換為 'int'，由於類型不同，可能導致資料遺失
c:\users\rain\documents\1043335_opencv\1043335_hw6\1043335_hw6.cpp(361): warning C4244: '正在初始化': 將 'double' 轉換為 'int'，由於類型不同，可能導致資料遺失
c:\users\rain\documents\1043335_opencv\1043335_hw6\1043335_hw6.cpp(362): warning C4244: '正在初始化': 將 'double' 轉換為 'int'，由於類型不同，可能導致資料遺失
c:\users\rain\documents\1043335_opencv\1043335_hw6\1043335_hw6.cpp(367): warning C4244: '=': 將 'double' 轉換為 'int'，由於類型不同，可能導致資料遺失
c:\users\rain\documents\1043335_opencv\1043335_hw6\1043335_hw6.cpp(372): warning C4244: '=': 將 'double' 轉換為 'int'，由於類型不同，可能導致資料遺失
c:\users\rain\documents\1043335_opencv\1043335_hw6\1043335_hw6.cpp(373): warning C4244: '=': 將 'double' 轉換為 'int'，由於類型不同，可能導致資料遺失
c:\users\rain\documents\1043335_opencv\1043335_hw6\1043335_hw6.cpp(374): warning C4244: '=': 將 'double' 轉換為 'int'，由於類型不同，可能導致資料遺失
c:\users\rain\documents\1043335_opencv\1043335_hw6\1043335_hw6.cpp(380): warning C4244: '=': 將 'double' 轉換為 'int'，由於類型不同，可能導致資料遺失
c:\users\rain\documents\1043335_opencv\1043335_hw6\1043335_hw6.cpp(381): warning C4244: '=': 將 'double' 轉換為 'int'，由於類型不同，可能導致資料遺失
c:\users\rain\documents\1043335_opencv\1043335_hw6\1043335_hw6.cpp(382): warning C4244: '=': 將 'double' 轉換為 'int'，由於類型不同，可能導致資料遺失
c:\users\rain\documents\1043335_opencv\1043335_hw6\1043335_hw6.cpp(390): warning C4244: '=': 將 'double' 轉換為 'int'，由於類型不同，可能導致資料遺失
c:\users\rain\documents\1043335_opencv\1043335_hw6\1043335_hw6.cpp(412): warning C4244: '=': 將 'double' 轉換為 'int'，由於類型不同，可能導致資料遺失
c:\users\rain\documents\1043335_opencv\1043335_hw6\1043335_hw6.cpp(413): warning C4244: '=': 將 'double' 轉換為 'int'，由於類型不同，可能導致資料遺失
c:\users\rain\documents\1043335_opencv\1043335_hw6\1043335_hw6.cpp(414): warning C4244: '=': 將 'double' 轉換為 'int'，由於類型不同，可能導致資料遺失
c:\users\rain\documents\1043335_opencv\1043335_hw6\1043335_hw6.cpp(415): warning C4244: '正在初始化': 將 'double' 轉換為 'int'，由於類型不同，可能導致資料遺失
c:\users\rain\documents\1043335_opencv\1043335_hw6\1043335_hw6.cpp(416): warning C4244: '正在初始化': 將 'double' 轉換為 'int'，由於類型不同，可能導致資料遺失
c:\users\rain\documents\1043335_opencv\1043335_hw6\1043335_hw6.cpp(417): warning C4244: '正在初始化': 將 'double' 轉換為 'int'，由於類型不同，可能導致資料遺失
c:\users\rain\documents\1043335_opencv\1043335_hw6\1043335_hw6.cpp(422): warning C4244: '引數': 將 'time_t' 轉換為 'unsigned int'，由於類型不同，可能導致資料遺失
c:\users\rain\documents\1043335_opencv\1043335_hw6\1043335_hw6.cpp(426): warning C4244: '正在初始化': 將 'double' 轉換為 'int'，由於類型不同，可能導致資料遺失
c:\users\rain\documents\1043335_opencv\1043335_hw6\1043335_hw6.cpp(427): warning C4244: '正在初始化': 將 'double' 轉換為 'int'，由於類型不同，可能導致資料遺失
c:\users\rain\documents\1043335_opencv\1043335_hw6\1043335_hw6.cpp(428): warning C4244: '正在初始化': 將 'double' 轉換為 'int'，由於類型不同，可能導致資料遺失
c:\users\rain\documents\1043335_opencv\1043335_hw6\1043335_hw6.cpp(434): warning C4244: '=': 將 'double' 轉換為 'int'，由於類型不同，可能導致資料遺失
c:\users\rain\documents\1043335_opencv\1043335_hw6\1043335_hw6.cpp(435): warning C4244: '=': 將 'double' 轉換為 'int'，由於類型不同，可能導致資料遺失
c:\users\rain\documents\1043335_opencv\1043335_hw6\1043335_hw6.cpp(436): warning C4244: '=': 將 'double' 轉換為 'int'，由於類型不同，可能導致資料遺失
c:\users\rain\documents\1043335_opencv\1043335_hw6\1043335_hw6.cpp(484): warning C4244: '引數': 將 'time_t' 轉換為 'unsigned int'，由於類型不同，可能導致資料遺失
c:\users\rain\documents\1043335_opencv\1043335_hw6\1043335_hw6.cpp(678): warning C4244: '引數': 將 'double' 轉換為 'int'，由於類型不同，可能導致資料遺失
c:\users\rain\documents\1043335_opencv\1043335_hw6\1043335_hw6.cpp(707): warning C4244: '正在初始化': 將 'double' 轉換為 'float'，由於類型不同，可能導致資料遺失
c:\users\rain\documents\1043335_opencv\1043335_hw6\1043335_hw6.cpp(708): warning C4244: '正在初始化': 將 'double' 轉換為 'float'，由於類型不同，可能導致資料遺失
c:\users\rain\documents\1043335_opencv\1043335_hw6\1043335_hw6.cpp(709): warning C4244: '正在初始化': 將 'double' 轉換為 'float'，由於類型不同，可能導致資料遺失
  1043335_hw6.vcxproj -> C:\Users\rain\Documents\1043335_opencv\1043335_hw6\x64\Debug\1043335_hw6.exe
